TN:
SF:models\index.js
FN:1,(empty-report)
FNF:1
FNH:0
FNDA:0,(empty-report)
DA:1,0
DA:2,0
DA:3,0
DA:4,0
DA:5,0
DA:6,0
DA:7,0
DA:8,0
DA:9,0
DA:10,0
DA:11,0
DA:12,0
DA:13,0
DA:14,0
DA:15,0
DA:16,0
DA:17,0
DA:18,0
DA:19,0
DA:20,0
DA:21,0
DA:22,0
DA:23,0
DA:24,0
DA:25,0
DA:26,0
DA:27,0
DA:28,0
DA:29,0
DA:30,0
DA:31,0
DA:32,0
DA:33,0
DA:34,0
DA:35,0
DA:36,0
DA:37,0
DA:38,0
DA:39,0
DA:40,0
DA:41,0
DA:42,0
DA:43,0
DA:44,0
DA:45,0
DA:46,0
DA:47,0
DA:48,0
DA:49,0
DA:50,0
DA:51,0
DA:52,0
DA:53,0
DA:54,0
DA:55,0
DA:56,0
DA:57,0
DA:58,0
DA:59,0
DA:60,0
DA:61,0
DA:62,0
DA:63,0
DA:64,0
DA:65,0
DA:66,0
DA:67,0
DA:68,0
DA:69,0
DA:70,0
DA:71,0
DA:72,0
DA:73,0
DA:74,0
DA:75,0
DA:76,0
DA:77,0
DA:78,0
DA:79,0
DA:80,0
DA:81,0
DA:82,0
DA:83,0
DA:84,0
DA:85,0
DA:86,0
DA:87,0
LF:87
LH:0
BRDA:1,0,0,0
BRF:1
BRH:0
end_of_record
TN:
SF:models\lesson.js
FN:29,Object.<anonymous>.module.exports
FN:31,associate
FN:39,cancelLesson
FN:80,editLesson
FN:112,getAmountOfApprovedLessons
FN:126,getLessonsOfTutor
FN:180,uploadLessonReport
FN:233,searchAvailableLessons
FN:272,getLessonsOfTutee
FN:319,enrollToLesson
FN:423,withdrawFromLesson
FN:447,getVerdictPendingLessons
FN:462,updateLessonVerdict
FN:594,isFutureDate
FNF:14
FNH:12
FNDA:40,Object.<anonymous>.module.exports
FNDA:0,associate
FNDA:3,cancelLesson
FNDA:6,editLesson
FNDA:2,getAmountOfApprovedLessons
FNDA:3,getLessonsOfTutor
FNDA:3,uploadLessonReport
FNDA:5,searchAvailableLessons
FNDA:2,getLessonsOfTutee
FNDA:3,enrollToLesson
FNDA:1,withdrawFromLesson
FNDA:1,getVerdictPendingLessons
FNDA:2,updateLessonVerdict
FNDA:0,isFutureDate
DA:1,1
DA:2,1
DA:3,1
DA:4,1
DA:5,1
DA:6,1
DA:7,1
DA:8,1
DA:9,1
DA:10,1
DA:11,1
DA:12,1
DA:13,1
DA:14,1
DA:15,1
DA:16,1
DA:17,1
DA:18,1
DA:19,1
DA:20,1
DA:21,1
DA:22,1
DA:23,1
DA:24,1
DA:25,1
DA:26,1
DA:27,1
DA:28,1
DA:29,1
DA:30,40
DA:31,40
DA:32,0
DA:33,0
DA:34,0
DA:35,0
DA:36,0
DA:37,40
DA:38,40
DA:39,40
DA:40,3
DA:41,3
DA:42,3
DA:43,3
DA:44,3
DA:45,3
DA:46,3
DA:47,3
DA:48,3
DA:49,3
DA:50,3
DA:51,3
DA:52,2
DA:53,2
DA:54,2
DA:55,2
DA:56,2
DA:57,2
DA:58,2
DA:59,2
DA:60,2
DA:61,2
DA:62,2
DA:63,2
DA:64,2
DA:65,1
DA:66,1
DA:67,1
DA:68,1
DA:69,1
DA:70,1
DA:71,3
DA:72,2
DA:73,2
DA:74,0
DA:75,0
DA:76,2
DA:77,2
DA:78,3
DA:79,40
DA:80,40
DA:81,6
DA:82,6
DA:83,6
DA:84,6
DA:85,6
DA:86,6
DA:87,4
DA:88,4
DA:89,6
DA:90,4
DA:91,4
DA:92,4
DA:93,6
DA:94,4
DA:95,4
DA:96,4
DA:97,6
DA:98,4
DA:99,4
DA:100,4
DA:101,2
DA:102,1
DA:103,6
DA:104,5
DA:105,5
DA:106,0
DA:107,0
DA:108,5
DA:109,5
DA:110,6
DA:111,40
DA:112,40
DA:113,2
DA:114,2
DA:115,2
DA:116,2
DA:117,2
DA:118,2
DA:119,2
DA:120,1
DA:121,1
DA:122,1
DA:123,1
DA:124,2
DA:125,40
DA:126,40
DA:127,3
DA:128,3
DA:129,3
DA:130,3
DA:131,3
DA:132,3
DA:133,3
DA:134,3
DA:135,1
DA:136,1
DA:137,1
DA:138,1
DA:139,3
DA:140,1
DA:141,1
DA:142,1
DA:143,1
DA:144,1
DA:145,1
DA:146,1
DA:147,2
DA:148,2
DA:149,2
DA:150,2
DA:151,2
DA:152,2
DA:153,2
DA:154,2
DA:155,2
DA:156,2
DA:157,2
DA:158,2
DA:159,2
DA:160,2
DA:161,3
DA:162,1
DA:163,1
DA:164,1
DA:165,1
DA:166,1
DA:167,1
DA:168,1
DA:169,1
DA:170,1
DA:171,1
DA:172,1
DA:173,1
DA:174,1
DA:175,1
DA:176,0
DA:177,0
DA:178,3
DA:179,40
DA:180,40
DA:181,3
DA:182,3
DA:183,3
DA:184,3
DA:185,3
DA:186,3
DA:187,2
DA:188,2
DA:189,2
DA:190,2
DA:191,2
DA:192,2
DA:193,2
DA:194,3
DA:195,3
DA:196,3
DA:197,2
DA:198,2
DA:199,2
DA:200,2
DA:201,2
DA:202,2
DA:203,2
DA:204,2
DA:205,2
DA:206,2
DA:207,2
DA:208,2
DA:209,2
DA:210,2
DA:211,2
DA:212,2
DA:213,2
DA:214,2
DA:215,2
DA:216,2
DA:217,3
DA:218,1
DA:219,1
DA:220,0
DA:221,0
DA:222,1
DA:223,1
DA:224,1
DA:225,1
DA:226,1
DA:227,1
DA:228,1
DA:229,3
DA:230,40
DA:231,40
DA:232,40
DA:233,40
DA:234,5
DA:235,5
DA:236,5
DA:237,5
DA:238,5
DA:239,5
DA:240,5
DA:241,5
DA:242,5
DA:243,5
DA:244,5
DA:245,5
DA:246,5
DA:247,5
DA:248,5
DA:249,5
DA:250,5
DA:251,5
DA:252,5
DA:253,5
DA:254,5
DA:255,4
DA:256,4
DA:257,2
DA:258,2
DA:259,2
DA:260,2
DA:261,4
DA:262,4
DA:263,4
DA:264,5
DA:265,1
DA:266,0
DA:267,0
DA:268,1
DA:269,1
DA:270,5
DA:271,40
DA:272,40
DA:273,2
DA:274,2
DA:275,2
DA:276,2
DA:277,2
DA:278,2
DA:279,2
DA:280,2
DA:281,2
DA:282,1
DA:283,1
DA:284,1
DA:285,1
DA:286,0
DA:287,0
DA:288,0
DA:289,0
DA:290,0
DA:291,0
DA:292,1
DA:293,1
DA:294,1
DA:295,1
DA:296,1
DA:297,1
DA:298,1
DA:299,1
DA:300,1
DA:301,1
DA:302,1
DA:303,1
DA:304,1
DA:305,1
DA:306,1
DA:307,1
DA:308,1
DA:309,1
DA:310,1
DA:311,1
DA:312,1
DA:313,1
DA:314,1
DA:315,0
DA:316,0
DA:317,2
DA:318,40
DA:319,40
DA:320,3
DA:321,3
DA:322,3
DA:323,3
DA:324,3
DA:325,3
DA:326,3
DA:327,3
DA:328,3
DA:329,3
DA:330,3
DA:331,3
DA:332,3
DA:333,3
DA:334,3
DA:335,3
DA:336,3
DA:337,3
DA:338,3
DA:339,3
DA:340,3
DA:341,3
DA:342,1
DA:343,1
DA:344,1
DA:345,1
DA:346,1
DA:347,1
DA:348,1
DA:349,1
DA:350,1
DA:351,0
DA:352,0
DA:353,0
DA:354,0
DA:355,0
DA:356,0
DA:357,0
DA:358,0
DA:359,0
DA:360,0
DA:361,0
DA:362,0
DA:363,0
DA:364,0
DA:365,0
DA:366,0
DA:367,0
DA:368,0
DA:369,0
DA:370,0
DA:371,0
DA:372,0
DA:373,0
DA:374,0
DA:375,0
DA:376,0
DA:377,0
DA:378,0
DA:379,0
DA:380,0
DA:381,0
DA:382,0
DA:383,0
DA:384,0
DA:385,0
DA:386,0
DA:387,0
DA:388,0
DA:389,0
DA:390,0
DA:391,0
DA:392,0
DA:393,0
DA:394,0
DA:395,0
DA:396,0
DA:397,0
DA:398,0
DA:399,0
DA:400,0
DA:401,0
DA:402,0
DA:403,0
DA:404,0
DA:405,0
DA:406,0
DA:407,0
DA:408,0
DA:409,0
DA:410,0
DA:411,0
DA:412,0
DA:413,0
DA:414,3
DA:415,3
DA:416,3
DA:417,1
DA:418,1
DA:419,2
DA:420,2
DA:421,3
DA:422,40
DA:423,40
DA:424,1
DA:425,1
DA:426,1
DA:427,1
DA:428,1
DA:429,1
DA:430,1
DA:431,1
DA:432,1
DA:433,1
DA:434,1
DA:435,1
DA:436,0
DA:437,0
DA:438,0
DA:439,0
DA:440,0
DA:441,0
DA:442,1
DA:443,40
DA:444,40
DA:445,40
DA:446,40
DA:447,40
DA:448,1
DA:449,1
DA:450,1
DA:451,1
DA:452,1
DA:453,1
DA:454,1
DA:455,1
DA:456,1
DA:457,1
DA:458,0
DA:459,0
DA:460,1
DA:461,40
DA:462,40
DA:463,2
DA:464,2
DA:465,2
DA:466,2
DA:467,2
DA:468,2
DA:469,2
DA:470,2
DA:471,0
DA:472,0
DA:473,2
DA:474,2
DA:475,2
DA:476,2
DA:477,2
DA:478,2
DA:479,2
DA:480,0
DA:481,0
DA:482,0
DA:483,0
DA:484,0
DA:485,0
DA:486,2
DA:487,40
DA:488,40
DA:489,40
DA:490,40
DA:491,40
DA:492,40
DA:493,40
DA:494,40
DA:495,40
DA:496,40
DA:497,40
DA:498,40
DA:499,40
DA:500,40
DA:501,40
DA:502,40
DA:503,40
DA:504,40
DA:505,40
DA:506,40
DA:507,40
DA:508,40
DA:509,40
DA:510,40
DA:511,40
DA:512,40
DA:513,40
DA:514,40
DA:515,40
DA:516,40
DA:517,40
DA:518,40
DA:519,40
DA:520,40
DA:521,40
DA:522,40
DA:523,40
DA:524,40
DA:525,40
DA:526,40
DA:527,40
DA:528,40
DA:529,40
DA:530,40
DA:531,40
DA:532,40
DA:533,40
DA:534,40
DA:535,40
DA:536,40
DA:537,40
DA:538,40
DA:539,40
DA:540,40
DA:541,40
DA:542,40
DA:543,40
DA:544,40
DA:545,40
DA:546,40
DA:547,40
DA:548,40
DA:549,40
DA:550,40
DA:551,40
DA:552,40
DA:553,40
DA:554,40
DA:555,40
DA:556,40
DA:557,40
DA:558,40
DA:559,40
DA:560,40
DA:561,40
DA:562,40
DA:563,40
DA:564,40
DA:565,40
DA:566,40
DA:567,40
DA:568,40
DA:569,40
DA:570,40
DA:571,40
DA:572,40
DA:573,40
DA:574,40
DA:575,40
DA:576,40
DA:577,40
DA:578,40
DA:579,40
DA:580,40
DA:581,40
DA:582,40
DA:583,40
DA:584,40
DA:585,40
DA:586,40
DA:587,40
DA:588,40
DA:589,40
DA:590,40
DA:591,40
DA:592,40
DA:593,40
DA:594,40
DA:595,0
DA:596,0
DA:597,0
DA:598,0
DA:599,0
DA:600,0
DA:601,0
DA:602,0
DA:603,0
DA:604,40
DA:605,40
DA:606,40
DA:607,40
DA:608,40
DA:609,40
DA:610,40
DA:611,40
DA:612,40
DA:613,40
DA:614,40
DA:615,40
DA:616,40
DA:617,40
DA:618,40
DA:619,40
DA:620,40
DA:621,40
DA:622,40
DA:623,40
DA:624,40
DA:625,40
DA:626,40
DA:627,40
DA:628,40
DA:629,40
DA:630,40
DA:631,40
DA:632,40
DA:633,40
DA:634,40
DA:635,40
DA:636,40
DA:637,40
DA:638,40
DA:639,40
DA:640,40
DA:641,40
DA:642,40
DA:643,40
DA:644,40
DA:645,40
DA:646,40
DA:647,40
DA:648,40
DA:649,40
DA:650,40
DA:651,40
DA:652,40
DA:653,40
DA:654,40
DA:655,40
DA:656,40
DA:657,40
DA:658,40
DA:659,40
DA:660,40
DA:661,40
DA:662,40
DA:663,0
DA:664,0
DA:665,0
DA:666,0
DA:667,0
DA:668,0
DA:669,0
DA:670,0
DA:671,0
DA:672,0
DA:673,0
DA:674,0
DA:675,0
DA:676,0
DA:677,0
DA:678,0
DA:679,0
DA:680,0
DA:681,40
DA:682,40
DA:683,40
DA:684,0
DA:685,0
DA:686,0
DA:687,0
DA:688,0
DA:689,0
DA:690,0
DA:691,0
DA:692,0
DA:693,0
DA:694,0
DA:695,0
DA:696,0
DA:697,0
DA:698,0
DA:699,0
DA:700,0
DA:701,0
DA:702,0
DA:703,0
DA:704,0
DA:705,0
DA:706,0
DA:707,0
DA:708,0
DA:709,0
DA:710,0
DA:711,40
DA:712,40
DA:713,40
DA:714,0
DA:715,0
DA:716,0
DA:717,0
DA:718,0
DA:719,0
DA:720,0
DA:721,40
DA:722,40
DA:723,40
DA:724,40
DA:725,1
DA:726,1
DA:727,1
DA:728,1
DA:729,1
DA:730,1
DA:731,1
LF:731
LH:568
BRDA:29,0,0,40
BRDA:39,1,0,3
BRDA:51,2,0,2
BRDA:64,3,0,1
BRDA:71,4,0,2
BRDA:73,5,0,0
BRDA:58,6,0,1
BRDA:80,7,0,6
BRDA:86,8,0,4
BRDA:89,9,0,4
BRDA:93,10,0,4
BRDA:97,11,0,4
BRDA:100,12,0,2
BRDA:101,13,0,1
BRDA:103,14,0,5
BRDA:105,15,0,0
BRDA:112,16,0,2
BRDA:119,17,0,1
BRDA:126,18,0,3
BRDA:134,19,0,1
BRDA:139,20,0,2
BRDA:139,21,0,1
BRDA:161,22,0,1
BRDA:175,23,0,0
BRDA:163,24,0,1
BRDA:165,25,0,0
BRDA:168,26,0,1
BRDA:180,27,0,3
BRDA:186,28,0,2
BRDA:194,29,0,1
BRDA:194,30,0,1
BRDA:196,31,0,2
BRDA:217,32,0,1
BRDA:219,33,0,0
BRDA:192,34,0,2
BRDA:233,35,0,5
BRDA:254,36,0,4
BRDA:264,37,0,1
BRDA:265,38,0,0
BRDA:256,39,0,2
BRDA:272,40,0,2
BRDA:281,41,0,1
BRDA:285,42,0,0
BRDA:314,43,0,0
BRDA:319,44,0,3
BRDA:341,45,0,1
BRDA:350,46,0,0
BRDA:416,47,0,1
BRDA:418,48,0,2
BRDA:423,49,0,1
BRDA:435,50,0,0
BRDA:447,51,0,1
BRDA:457,52,0,0
BRDA:462,53,0,2
BRDA:470,54,0,0
BRDA:474,55,0,1
BRDA:474,56,0,1
BRDA:479,57,0,0
BRF:58
BRH:45
end_of_record
TN:
SF:models\tuteeLesson.js
FN:4,Object.<anonymous>.module.exports
FN:8,associate
FN:15,toJSON
FN:22,updatePresenceForLesson
FN:67,hasEnrolledTutees
FN:83,addReview
FNF:6
FNH:5
FNDA:1,Object.<anonymous>.module.exports
FNDA:1,associate
FNDA:0,toJSON
FNDA:4,updatePresenceForLesson
FNDA:2,hasEnrolledTutees
FNDA:4,addReview
DA:1,1
DA:2,1
DA:3,1
DA:4,1
DA:5,1
DA:6,1
DA:7,1
DA:8,1
DA:9,1
DA:10,1
DA:11,1
DA:12,1
DA:13,1
DA:14,1
DA:15,1
DA:16,0
DA:17,0
DA:18,0
DA:19,0
DA:20,0
DA:21,1
DA:22,1
DA:23,4
DA:24,4
DA:25,4
DA:26,4
DA:27,4
DA:28,2
DA:29,2
DA:30,2
DA:31,2
DA:32,2
DA:33,2
DA:34,2
DA:35,4
DA:36,6
DA:37,6
DA:38,0
DA:39,0
DA:40,0
DA:41,0
DA:42,0
DA:43,0
DA:44,0
DA:45,6
DA:46,2
DA:47,2
DA:48,2
DA:49,4
DA:50,1
DA:51,1
DA:52,1
DA:53,1
DA:54,1
DA:55,1
DA:56,1
DA:57,1
DA:58,1
DA:59,1
DA:60,4
DA:61,5
DA:62,5
DA:63,5
DA:64,5
DA:65,1
DA:66,1
DA:67,1
DA:68,2
DA:69,2
DA:70,2
DA:71,2
DA:72,1
DA:73,1
DA:74,1
DA:75,1
DA:76,1
DA:77,1
DA:78,1
DA:79,1
DA:80,1
DA:81,2
DA:82,1
DA:83,1
DA:84,4
DA:85,4
DA:86,4
DA:87,4
DA:88,4
DA:89,4
DA:90,0
DA:91,0
DA:92,0
DA:93,0
DA:94,0
DA:95,0
DA:96,0
DA:97,0
DA:98,0
DA:99,4
DA:100,4
DA:101,4
DA:102,0
DA:103,0
DA:104,4
DA:105,4
DA:106,4
DA:107,1
DA:108,1
DA:109,1
DA:110,1
DA:111,1
DA:112,1
DA:113,1
DA:114,1
DA:115,1
DA:116,1
DA:117,1
DA:118,1
DA:119,1
DA:120,1
DA:121,1
DA:122,1
DA:123,1
DA:124,1
DA:125,1
DA:126,1
DA:127,1
DA:128,1
DA:129,1
DA:130,1
DA:131,1
DA:132,1
DA:133,1
DA:134,1
DA:135,1
DA:136,1
DA:137,1
DA:138,1
DA:139,1
DA:140,1
DA:141,1
DA:142,1
DA:143,1
DA:144,1
DA:145,1
DA:146,1
DA:147,1
DA:148,1
DA:149,1
DA:150,1
DA:151,1
DA:152,1
DA:153,1
DA:154,1
DA:155,1
DA:156,1
DA:157,1
DA:158,1
DA:159,1
DA:160,1
DA:161,1
DA:162,1
DA:163,1
DA:164,1
DA:165,1
DA:166,1
DA:167,1
DA:168,1
DA:169,1
DA:170,1
DA:171,1
DA:172,1
DA:173,1
DA:174,1
DA:175,1
DA:176,1
DA:177,1
DA:178,1
DA:179,1
DA:180,1
DA:181,1
DA:182,1
DA:183,1
DA:184,1
DA:185,1
DA:186,1
DA:187,1
DA:188,1
DA:189,1
DA:190,1
DA:191,1
DA:192,1
DA:193,1
DA:194,1
DA:195,1
DA:196,1
DA:197,1
DA:198,1
DA:199,1
DA:200,1
DA:201,1
DA:202,1
DA:203,1
DA:204,1
DA:205,1
DA:206,1
DA:207,1
DA:208,1
DA:209,1
DA:210,1
DA:211,1
DA:212,1
DA:213,1
DA:214,1
DA:215,1
DA:216,1
DA:217,1
DA:218,1
DA:219,1
DA:220,1
DA:221,1
DA:222,1
DA:223,1
LF:223
LH:200
BRDA:4,0,0,1
BRDA:8,1,0,1
BRDA:22,2,0,4
BRDA:27,3,0,2
BRDA:35,4,0,6
BRDA:37,5,0,0
BRDA:45,6,0,2
BRDA:49,7,0,1
BRDA:60,8,0,5
BRDA:64,9,0,1
BRDA:31,10,0,6
BRDA:36,11,0,16
BRDA:48,12,0,7
BRDA:50,13,0,1
BRDA:67,14,0,2
BRDA:71,15,0,1
BRDA:83,16,0,4
BRDA:89,17,0,0
BRDA:101,18,0,0
BRF:19
BRH:16
end_of_record
TN:
SF:tests\helpers\testSetup.js
FN:12,_getJestObj
FN:12,_getJestObj
FNF:2
FNH:1
FNDA:2,_getJestObj
FNDA:0,_getJestObj
DA:1,1
DA:2,1
DA:3,1
DA:4,1
DA:5,1
DA:6,0
DA:7,0
DA:8,0
DA:9,0
DA:10,1
DA:11,1
DA:12,0
DA:13,1
DA:14,62
DA:15,1
LF:15
LH:10
BRDA:12,0,0,2
BRDA:13,1,0,62
BRF:2
BRH:2
end_of_record
TN:
SF:tests\unit\models\lesson.test.js
FN:4,init
FN:5,associate
FN:6,addHook
FN:7,findByPk
FN:8,findAll
FN:9,count
FN:13,ValidationError
FN:23,STRING
FN:26,ENUM
FN:65,_getJestObj
FN:65,_getJestObj
FN:507,isFutureDate
FN:563,Lesson.validateLessonLimits
FNF:13
FNH:9
FNDA:40,init
FNDA:0,associate
FNDA:120,addHook
FNDA:0,findByPk
FNDA:0,findAll
FNDA:0,count
FNDA:2,ValidationError
FNDA:280,STRING
FNDA:80,ENUM
FNDA:1,_getJestObj
FNDA:2,_getJestObj
FNDA:2,isFutureDate
FNDA:2,Lesson.validateLessonLimits
DA:1,1
DA:2,1
DA:3,1
DA:4,1
DA:5,1
DA:6,1
DA:7,1
DA:8,1
DA:9,1
DA:10,1
DA:11,1
DA:12,1
DA:13,1
DA:14,2
DA:15,2
DA:16,2
DA:17,1
DA:18,1
DA:19,1
DA:20,1
DA:21,1
DA:22,1
DA:23,1
DA:24,1
DA:25,1
DA:26,1
DA:27,1
DA:28,1
DA:29,1
DA:30,1
DA:31,1
DA:32,1
DA:33,1
DA:34,1
DA:35,1
DA:36,1
DA:37,1
DA:38,1
DA:39,1
DA:40,1
DA:41,0
DA:42,0
DA:43,0
DA:44,0
DA:45,0
DA:46,0
DA:47,0
DA:48,1
DA:49,1
DA:50,1
DA:51,1
DA:52,1
DA:53,0
DA:54,0
DA:55,0
DA:56,0
DA:57,0
DA:58,0
DA:59,0
DA:60,0
DA:61,0
DA:62,0
DA:63,1
DA:64,1
DA:65,2
DA:66,1
DA:67,1
DA:68,1
DA:69,1
DA:70,1
DA:71,1
DA:72,1
DA:73,1
DA:74,1
DA:75,1
DA:76,1
DA:77,1
DA:78,1
DA:79,1
DA:80,1
DA:81,1
DA:82,1
DA:83,1
DA:84,1
DA:85,1
DA:86,1
DA:87,1
DA:88,1
DA:89,1
DA:90,1
DA:91,1
DA:92,1
DA:93,1
DA:94,1
DA:95,1
DA:96,1
DA:97,1
DA:98,1
DA:99,1
DA:100,1
DA:101,1
DA:102,1
DA:103,1
DA:104,1
DA:105,1
DA:106,1
DA:107,1
DA:108,39
DA:109,39
DA:110,39
DA:111,39
DA:112,39
DA:113,39
DA:114,39
DA:115,39
DA:116,39
DA:117,39
DA:118,39
DA:119,39
DA:120,39
DA:121,39
DA:122,39
DA:123,39
DA:124,39
DA:125,39
DA:126,39
DA:127,39
DA:128,39
DA:129,39
DA:130,39
DA:131,39
DA:132,39
DA:133,39
DA:134,39
DA:135,39
DA:136,39
DA:137,39
DA:138,39
DA:139,39
DA:140,39
DA:141,39
DA:142,39
DA:143,39
DA:144,39
DA:145,39
DA:146,39
DA:147,39
DA:148,39
DA:149,39
DA:150,39
DA:151,39
DA:152,39
DA:153,1
DA:154,1
DA:155,1
DA:156,1
DA:157,1
DA:158,1
DA:159,1
DA:160,1
DA:161,1
DA:162,1
DA:163,1
DA:164,1
DA:165,1
DA:166,1
DA:167,1
DA:168,1
DA:169,1
DA:170,1
DA:171,1
DA:172,1
DA:173,1
DA:174,1
DA:175,1
DA:176,1
DA:177,1
DA:178,1
DA:179,1
DA:180,1
DA:181,1
DA:182,1
DA:183,1
DA:184,1
DA:185,1
DA:186,1
DA:187,1
DA:188,1
DA:189,1
DA:190,1
DA:191,1
DA:192,1
DA:193,1
DA:194,1
DA:195,1
DA:196,1
DA:197,1
DA:198,1
DA:199,1
DA:200,1
DA:201,1
DA:202,1
DA:203,1
DA:204,1
DA:205,1
DA:206,1
DA:207,1
DA:208,1
DA:209,1
DA:210,1
DA:211,1
DA:212,1
DA:213,1
DA:214,1
DA:215,1
DA:216,1
DA:217,1
DA:218,1
DA:219,1
DA:220,1
DA:221,1
DA:222,1
DA:223,1
DA:224,1
DA:225,1
DA:226,1
DA:227,1
DA:228,1
DA:229,1
DA:230,1
DA:231,1
DA:232,1
DA:233,1
DA:234,1
DA:235,1
DA:236,1
DA:237,1
DA:238,1
DA:239,1
DA:240,1
DA:241,1
DA:242,1
DA:243,1
DA:244,1
DA:245,1
DA:246,1
DA:247,1
DA:248,1
DA:249,1
DA:250,1
DA:251,3
DA:252,3
DA:253,1
DA:254,1
DA:255,1
DA:256,1
DA:257,1
DA:258,1
DA:259,1
DA:260,1
DA:261,1
DA:262,1
DA:263,1
DA:264,1
DA:265,1
DA:266,1
DA:267,1
DA:268,1
DA:269,1
DA:270,1
DA:271,1
DA:272,1
DA:273,1
DA:274,1
DA:275,1
DA:276,1
DA:277,1
DA:278,1
DA:279,1
DA:280,1
DA:281,1
DA:282,1
DA:283,1
DA:284,1
DA:285,1
DA:286,1
DA:287,1
DA:288,1
DA:289,1
DA:290,1
DA:291,1
DA:292,1
DA:293,1
DA:294,1
DA:295,1
DA:296,1
DA:297,1
DA:298,1
DA:299,1
DA:300,1
DA:301,1
DA:302,1
DA:303,2
DA:304,2
DA:305,1
DA:306,1
DA:307,2
DA:308,1
DA:309,1
DA:310,0
DA:311,2
DA:312,1
DA:313,1
DA:314,1
DA:315,1
DA:316,1
DA:317,1
DA:318,1
DA:319,1
DA:320,1
DA:321,1
DA:322,1
DA:323,1
DA:324,1
DA:325,1
DA:326,1
DA:327,1
DA:328,1
DA:329,1
DA:330,1
DA:331,1
DA:332,1
DA:333,1
DA:334,1
DA:335,1
DA:336,1
DA:337,1
DA:338,1
DA:339,1
DA:340,1
DA:341,1
DA:342,1
DA:343,1
DA:344,1
DA:345,1
DA:346,1
DA:347,1
DA:348,1
DA:349,1
DA:350,1
DA:351,1
DA:352,1
DA:353,1
DA:354,1
DA:355,1
DA:356,1
DA:357,1
DA:358,1
DA:359,1
DA:360,1
DA:361,1
DA:362,1
DA:363,1
DA:364,1
DA:365,1
DA:366,1
DA:367,1
DA:368,1
DA:369,1
DA:370,1
DA:371,1
DA:372,1
DA:373,1
DA:374,1
DA:375,1
DA:376,1
DA:377,1
DA:378,1
DA:379,1
DA:380,1
DA:381,1
DA:382,1
DA:383,1
DA:384,1
DA:385,1
DA:386,1
DA:387,1
DA:388,1
DA:389,1
DA:390,1
DA:391,1
DA:392,1
DA:393,1
DA:394,1
DA:395,1
DA:396,1
DA:397,1
DA:398,1
DA:399,1
DA:400,1
DA:401,1
DA:402,1
DA:403,1
DA:404,1
DA:405,1
DA:406,1
DA:407,1
DA:408,1
DA:409,1
DA:410,1
DA:411,1
DA:412,1
DA:413,1
DA:414,1
DA:415,1
DA:416,1
DA:417,1
DA:418,1
DA:419,1
DA:420,1
DA:421,1
DA:422,1
DA:423,1
DA:424,1
DA:425,1
DA:426,1
DA:427,1
DA:428,1
DA:429,1
DA:430,1
DA:431,1
DA:432,1
DA:433,1
DA:434,1
DA:435,1
DA:436,1
DA:437,1
DA:438,1
DA:439,1
DA:440,1
DA:441,1
DA:442,1
DA:443,1
DA:444,1
DA:445,1
DA:446,1
DA:447,1
DA:448,1
DA:449,1
DA:450,1
DA:451,1
DA:452,1
DA:453,1
DA:454,1
DA:455,1
DA:456,1
DA:457,1
DA:458,1
DA:459,1
DA:460,1
DA:461,1
DA:462,1
DA:463,1
DA:464,1
DA:465,1
DA:466,1
DA:467,1
DA:468,1
DA:469,1
DA:470,1
DA:471,1
DA:472,1
DA:473,1
DA:474,1
DA:475,1
DA:476,1
DA:477,1
DA:478,1
DA:479,1
DA:480,1
DA:481,1
DA:482,1
DA:483,1
DA:484,1
DA:485,1
DA:486,1
DA:487,1
DA:488,1
DA:489,1
DA:490,1
DA:491,1
DA:492,1
DA:493,1
DA:494,1
DA:495,1
DA:496,1
DA:497,1
DA:498,1
DA:499,1
DA:500,1
DA:501,1
DA:502,1
DA:503,1
DA:504,2
DA:505,2
DA:506,2
DA:507,2
DA:508,2
DA:509,2
DA:510,2
DA:511,1
DA:512,1
DA:513,1
DA:514,1
DA:515,1
DA:516,1
DA:517,1
DA:518,1
DA:519,1
DA:520,1
DA:521,1
DA:522,1
DA:523,1
DA:524,1
DA:525,1
DA:526,1
DA:527,1
DA:528,1
DA:529,1
DA:530,1
DA:531,1
DA:532,1
DA:533,1
DA:534,1
DA:535,1
DA:536,1
DA:537,1
DA:538,1
DA:539,1
DA:540,1
DA:541,1
DA:542,1
DA:543,1
DA:544,1
DA:545,1
DA:546,1
DA:547,1
DA:548,1
DA:549,1
DA:550,1
DA:551,1
DA:552,1
DA:553,1
DA:554,1
DA:555,1
DA:556,1
DA:557,1
DA:558,1
DA:559,1
DA:560,1
DA:561,1
DA:562,2
DA:563,2
DA:564,2
DA:565,2
DA:566,2
DA:567,2
DA:568,2
DA:569,2
DA:570,2
DA:571,2
DA:572,1
DA:573,1
DA:574,1
DA:575,2
DA:576,1
DA:577,1
DA:578,1
DA:579,1
DA:580,1
DA:581,1
DA:582,1
DA:583,1
DA:584,1
DA:585,1
DA:586,1
DA:587,1
DA:588,1
DA:589,1
DA:590,1
DA:591,1
DA:592,1
DA:593,1
DA:594,1
DA:595,1
DA:596,1
DA:597,1
DA:598,1
DA:599,1
DA:600,1
DA:601,1
DA:602,1
DA:603,1
DA:604,1
DA:605,1
DA:606,1
DA:607,1
DA:608,1
DA:609,1
DA:610,1
DA:611,1
DA:612,1
DA:613,1
DA:614,1
DA:615,1
DA:616,1
DA:617,1
DA:618,1
DA:619,1
DA:620,1
DA:621,1
DA:622,1
DA:623,1
DA:624,1
DA:625,1
DA:626,1
DA:627,1
DA:628,1
DA:629,1
DA:630,1
DA:631,1
DA:632,1
DA:633,1
DA:634,1
DA:635,1
DA:636,1
DA:637,1
DA:638,1
DA:639,1
DA:640,1
DA:641,1
DA:642,1
DA:643,1
DA:644,1
DA:645,1
DA:646,1
DA:647,1
DA:648,1
DA:649,1
DA:650,1
DA:651,1
DA:652,1
DA:653,1
DA:654,1
DA:655,1
DA:656,1
DA:657,1
DA:658,1
DA:659,1
DA:660,1
DA:661,1
DA:662,1
DA:663,1
DA:664,1
DA:665,1
DA:666,1
DA:667,1
DA:668,1
DA:669,1
DA:670,1
DA:671,1
DA:672,1
DA:673,1
DA:674,1
DA:675,1
DA:676,1
DA:677,1
DA:678,1
DA:679,1
DA:680,1
LF:680
LH:662
BRDA:2,0,0,1
BRDA:4,1,0,40
BRDA:6,2,0,120
BRDA:13,3,0,2
BRDA:23,4,0,280
BRDA:26,5,0,80
BRDA:39,6,0,1
BRDA:65,7,0,1
BRDA:65,8,0,2
BRDA:70,9,0,1
BRDA:76,10,0,1
BRDA:107,11,0,39
BRDA:126,12,0,18
BRDA:130,13,0,39
BRDA:155,14,0,1
BRDA:156,15,0,1
BRDA:167,16,0,1
BRDA:175,17,0,1
BRDA:176,18,0,1
BRDA:177,19,0,1
BRDA:206,20,0,1
BRDA:223,21,0,1
BRDA:224,22,0,1
BRDA:241,23,0,1
BRDA:249,24,0,1
BRDA:250,25,0,3
BRDA:255,26,0,1
BRDA:275,27,0,1
BRDA:291,28,0,1
BRDA:301,29,0,1
BRDA:302,30,0,2
BRDA:303,31,0,2
BRDA:304,32,0,1
BRDA:307,33,0,1
BRDA:309,34,0,0
BRDA:314,35,0,1
BRDA:325,36,0,1
BRDA:339,37,0,1
BRDA:340,38,0,1
BRDA:359,39,0,1
BRDA:369,40,0,1
BRDA:370,41,0,1
BRDA:385,42,0,1
BRDA:396,43,0,1
BRDA:402,44,0,1
BRDA:403,45,0,1
BRDA:417,46,0,1
BRDA:433,47,0,1
BRDA:441,48,0,1
BRDA:442,49,0,1
BRDA:450,50,0,1
BRDA:462,51,0,1
BRDA:463,52,0,1
BRDA:477,53,0,1
BRDA:478,54,0,1
BRDA:489,55,0,1
BRDA:501,56,0,1
BRDA:502,57,0,1
BRDA:503,58,0,2
BRDA:507,59,0,2
BRDA:513,60,0,1
BRDA:518,61,0,1
BRDA:525,62,0,1
BRDA:526,63,0,1
BRDA:535,64,0,1
BRDA:541,65,0,1
BRDA:542,66,0,1
BRDA:559,67,0,1
BRDA:560,68,0,1
BRDA:561,69,0,2
BRDA:563,70,0,2
BRDA:571,71,0,1
BRDA:578,72,0,1
BRDA:583,73,0,1
BRDA:591,74,0,1
BRDA:592,75,0,1
BRDA:598,76,0,1
BRDA:613,77,0,1
BRDA:614,78,0,1
BRDA:623,79,0,1
BRDA:632,80,0,1
BRDA:633,81,0,1
BRDA:638,82,0,1
BRDA:646,83,0,1
BRDA:647,84,0,1
BRDA:648,85,0,1
BRDA:659,86,0,1
BRDA:660,87,0,1
BRDA:669,88,0,1
BRF:89
BRH:88
end_of_record
TN:
SF:tests\unit\models\tuteeLesson.test.js
FN:4,init
FN:5,associate
FN:6,addHook
FN:7,belongsTo
FN:8,hasMany
FN:9,build
FN:12,validate
FN:13,toJSON
FN:17,create
FN:18,findOne
FN:19,findAll
FN:20,count
FN:21,update
FN:28,STRING
FN:68,AppError
FN:97,TuteeLesson.toJSON
FN:216,tuteeLesson.validate
FN:232,testRating
FN:237,tuteeLesson.validate
FN:247,tuteeLesson.validate
FNF:20
FNH:11
FNDA:1,init
FNDA:0,associate
FNDA:0,addHook
FNDA:1,belongsTo
FNDA:0,hasMany
FNDA:11,build
FNDA:1,validate
FNDA:1,toJSON
FNDA:0,create
FNDA:0,findOne
FNDA:0,findAll
FNDA:0,count
FNDA:0,update
FNDA:2,STRING
FNDA:6,AppError
FNDA:0,TuteeLesson.toJSON
FNDA:1,tuteeLesson.validate
FNDA:4,testRating
FNDA:4,tuteeLesson.validate
FNDA:4,tuteeLesson.validate
DA:1,1
DA:2,1
DA:3,1
DA:4,1
DA:5,1
DA:6,1
DA:7,1
DA:8,1
DA:9,1
DA:10,11
DA:11,11
DA:12,11
DA:13,11
DA:14,11
DA:15,11
DA:16,11
DA:17,1
DA:18,1
DA:19,1
DA:20,1
DA:21,1
DA:22,1
DA:23,1
DA:24,1
DA:25,1
DA:26,1
DA:27,1
DA:28,1
DA:29,1
DA:30,1
DA:31,1
DA:32,1
DA:33,1
DA:34,1
DA:35,1
DA:36,1
DA:37,1
DA:38,1
DA:39,1
DA:40,1
DA:41,1
DA:42,1
DA:43,1
DA:44,1
DA:45,1
DA:46,1
DA:47,1
DA:48,1
DA:49,1
DA:50,1
DA:51,1
DA:52,1
DA:53,0
DA:54,0
DA:55,0
DA:56,1
DA:57,1
DA:58,1
DA:59,1
DA:60,1
DA:61,0
DA:62,0
DA:63,1
DA:64,1
DA:65,1
DA:66,1
DA:67,1
DA:68,1
DA:69,6
DA:70,6
DA:71,6
DA:72,6
DA:73,6
DA:74,6
DA:75,1
DA:76,1
DA:77,1
DA:78,1
DA:79,1
DA:80,1
DA:81,1
DA:82,1
DA:83,1
DA:84,1
DA:85,1
DA:86,1
DA:87,1
DA:88,1
DA:89,0
DA:90,1
DA:91,1
DA:92,1
DA:93,0
DA:94,1
DA:95,1
DA:96,1
DA:97,1
DA:98,0
DA:99,0
DA:100,0
DA:101,0
DA:102,0
DA:103,0
DA:104,1
DA:105,1
DA:106,1
DA:107,1
DA:108,1
DA:109,1
DA:110,1
DA:111,1
DA:112,1
DA:113,1
DA:114,1
DA:115,1
DA:116,23
DA:117,23
DA:118,23
DA:119,23
DA:120,23
DA:121,23
DA:122,1
DA:123,1
DA:124,1
DA:125,1
DA:126,1
DA:127,1
DA:128,1
DA:129,1
DA:130,1
DA:131,1
DA:132,1
DA:133,1
DA:134,1
DA:135,1
DA:136,1
DA:137,1
DA:138,1
DA:139,1
DA:140,1
DA:141,1
DA:142,1
DA:143,1
DA:144,1
DA:145,1
DA:146,1
DA:147,1
DA:148,1
DA:149,1
DA:150,1
DA:151,1
DA:152,1
DA:153,1
DA:154,1
DA:155,1
DA:156,1
DA:157,1
DA:158,1
DA:159,1
DA:160,1
DA:161,1
DA:162,1
DA:163,1
DA:164,1
DA:165,1
DA:166,1
DA:167,1
DA:168,1
DA:169,1
DA:170,1
DA:171,1
DA:172,1
DA:173,1
DA:174,3
DA:175,3
DA:176,3
DA:177,3
DA:178,3
DA:179,3
DA:180,1
DA:181,1
DA:182,1
DA:183,1
DA:184,1
DA:185,1
DA:186,1
DA:187,1
DA:188,1
DA:189,1
DA:190,1
DA:191,1
DA:192,1
DA:193,1
DA:194,1
DA:195,1
DA:196,1
DA:197,1
DA:198,1
DA:199,1
DA:200,1
DA:201,1
DA:202,1
DA:203,1
DA:204,1
DA:205,1
DA:206,1
DA:207,1
DA:208,1
DA:209,1
DA:210,1
DA:211,1
DA:212,1
DA:213,1
DA:214,1
DA:215,1
DA:216,1
DA:217,1
DA:218,1
DA:219,1
DA:220,1
DA:221,1
DA:222,1
DA:223,1
DA:224,1
DA:225,1
DA:226,1
DA:227,1
DA:228,1
DA:229,1
DA:230,1
DA:231,1
DA:232,1
DA:233,4
DA:234,4
DA:235,4
DA:236,4
DA:237,4
DA:238,4
DA:239,4
DA:240,4
DA:241,4
DA:242,4
DA:243,4
DA:244,4
DA:245,4
DA:246,4
DA:247,4
DA:248,4
DA:249,4
DA:250,4
DA:251,4
DA:252,1
DA:253,1
DA:254,1
DA:255,4
DA:256,4
DA:257,4
DA:258,1
DA:259,1
DA:260,1
DA:261,1
DA:262,1
DA:263,1
DA:264,1
DA:265,1
DA:266,1
DA:267,1
DA:268,1
DA:269,1
DA:270,1
DA:271,1
DA:272,1
DA:273,1
DA:274,1
DA:275,1
DA:276,1
DA:277,1
DA:278,1
DA:279,1
DA:280,1
DA:281,1
DA:282,1
DA:283,1
DA:284,1
DA:285,1
DA:286,1
DA:287,1
DA:288,1
DA:289,1
DA:290,1
DA:291,1
DA:292,1
DA:293,1
DA:294,1
DA:295,1
DA:296,1
DA:297,1
DA:298,1
DA:299,1
DA:300,1
DA:301,1
DA:302,1
DA:303,1
DA:304,1
DA:305,1
DA:306,1
DA:307,1
DA:308,1
DA:309,1
DA:310,1
DA:311,1
DA:312,1
DA:313,1
DA:314,1
DA:315,1
DA:316,1
DA:317,1
DA:318,1
DA:319,1
DA:320,1
DA:321,1
DA:322,1
DA:323,1
DA:324,5
DA:325,5
DA:326,1
DA:327,1
DA:328,1
DA:329,1
DA:330,1
DA:331,5
DA:332,5
DA:333,1
DA:334,1
DA:335,1
DA:336,1
DA:337,1
DA:338,5
DA:339,1
DA:340,1
DA:341,1
DA:342,1
DA:343,1
LF:343
LH:330
BRDA:2,0,0,1
BRDA:4,1,0,1
BRDA:7,2,0,1
BRDA:9,3,0,11
BRDA:12,4,0,1
BRDA:13,5,0,1
BRDA:28,6,0,2
BRDA:66,7,0,1
BRDA:68,8,0,6
BRDA:78,9,0,1
BRDA:82,10,0,1
BRDA:115,11,0,23
BRDA:124,12,0,1
BRDA:125,13,0,1
BRDA:126,14,0,1
BRDA:139,15,0,1
BRDA:147,16,0,1
BRDA:148,17,0,1
BRDA:154,18,0,1
BRDA:165,19,0,1
BRDA:173,20,0,3
BRDA:182,21,0,1
BRDA:192,22,0,1
BRDA:199,23,0,1
BRDA:210,24,0,1
BRDA:211,25,0,1
BRDA:212,26,0,1
BRDA:216,27,0,1
BRDA:222,28,0,1
BRDA:231,29,0,1
BRDA:232,30,0,4
BRDA:233,31,0,4
BRDA:237,32,0,4
BRDA:243,33,0,4
BRDA:247,34,0,4
BRDA:254,35,0,4
BRDA:255,36,0,4
BRDA:262,37,0,1
BRDA:263,38,0,1
BRDA:272,39,0,1
BRDA:273,40,0,1
BRDA:281,41,0,1
BRDA:288,42,0,1
BRDA:289,43,0,1
BRDA:290,44,0,1
BRDA:308,45,0,1
BRDA:309,46,0,1
BRDA:310,47,0,1
BRDA:321,48,0,1
BRDA:322,49,0,1
BRDA:323,50,0,5
BRDA:330,51,0,5
BRDA:337,52,0,5
BRF:53
BRH:53
end_of_record
TN:
SF:utils\errors\appError.js
FN:2,appError
FNF:1
FNH:1
FNDA:15,appError
DA:1,1
DA:2,1
DA:3,15
DA:4,15
DA:5,15
DA:6,15
DA:7,15
DA:8,15
DA:9,1
DA:10,1
DA:11,1
LF:11
LH:11
BRDA:2,0,0,15
BRF:1
BRH:1
end_of_record
